<?xml version="1.0" encoding="UTF-8"?>
<!-- Generated by org.testng.reporters.JUnitReportReporter -->
<testsuite hostname="Gauravs-MacBook-Air.local" failures="0" tests="6" name="api.test.DDTests" time="12.272" errors="0" timestamp="2025-06-25T19:47:36 IST" skipped="0">
  <testcase classname="api.test.DDTests" name="testPostuser" time="2.026"/>
  <testcase classname="api.test.DDTests" name="testPostuser" time="2.632"/>
  <testcase classname="api.test.DDTests" name="testPostuser" time="1.941"/>
  <testcase classname="api.test.DDTests" name="testDeleteUserByName" time="1.944"/>
  <testcase classname="api.test.DDTests" name="testDeleteUserByName" time="1.688"/>
  <testcase classname="api.test.DDTests" name="testDeleteUserByName" time="2.041"/>
</testsuite> <!-- api.test.DDTests -->
